
Grant succeeded.


Grant succeeded.


Grant succeeded.


Grant succeeded.


Grant succeeded.


Grant succeeded.


Grant succeeded.


Grant succeeded.


Grant succeeded.


Grant succeeded.


Grant succeeded.


Grant succeeded.


Grant succeeded.


Grant succeeded.


Grant succeeded.


Grant succeeded.


Grant succeeded.


Grant succeeded.


Grant succeeded.


Grant succeeded.


Grant succeeded.


Grant succeeded.


Grant succeeded.


Grant succeeded.


Grant succeeded.


Grant succeeded.


Grant succeeded.


Grant succeeded.


Grant succeeded.


Grant succeeded.


Grant succeeded.

grant all on FQT.BIN$nKfg3xpbPSrgQAB/AQEQAQ==$0 to ADC
                                             *
ERROR at line 1:
ORA-00911: invalid character



Grant succeeded.


Grant succeeded.

grant all on FQT.BIN$nKfg3xpfPSrgQAB/AQEQAQ==$0 to ADC
                                             *
ERROR at line 1:
ORA-00911: invalid character



Grant succeeded.


Grant succeeded.

grant all on FQT.BIN$nKfg3xpjPSrgQAB/AQEQAQ==$0 to ADC
                                             *
ERROR at line 1:
ORA-00911: invalid character



Grant succeeded.


Grant succeeded.

grant all on FQT.BIN$nKfg3xpnPSrgQAB/AQEQAQ==$0 to ADC
                                             *
ERROR at line 1:
ORA-00911: invalid character



Grant succeeded.


Grant succeeded.

grant all on FQT.BIN$nKfg3xprPSrgQAB/AQEQAQ==$0 to ADC
                                             *
ERROR at line 1:
ORA-00911: invalid character



Grant succeeded.


Grant succeeded.

grant all on FQT.BIN$nKfg3xpvPSrgQAB/AQEQAQ==$0 to ADC
                                             *
ERROR at line 1:
ORA-00911: invalid character



Grant succeeded.


Grant succeeded.

grant all on FQT.BIN$nKfg3xpzPSrgQAB/AQEQAQ==$0 to ADC
                                             *
ERROR at line 1:
ORA-00911: invalid character



Grant succeeded.


Grant succeeded.


Grant succeeded.


Grant succeeded.


Grant succeeded.


Grant succeeded.


Grant succeeded.


Grant succeeded.


Grant succeeded.


Grant succeeded.


Grant succeeded.


Grant succeeded.


Grant succeeded.


Grant succeeded.


Grant succeeded.


Grant succeeded.


Grant succeeded.


Grant succeeded.


Grant succeeded.


Grant succeeded.


Grant succeeded.


Grant succeeded.


Grant succeeded.


Grant succeeded.


Grant succeeded.


Grant succeeded.


Grant succeeded.


Grant succeeded.


Grant succeeded.


Grant succeeded.


Grant succeeded.


Grant succeeded.

grant all on FQT.BIN$nKfg3xpbPSrgQAB/AQEQAQ==$0 to FSCH
                                             *
ERROR at line 1:
ORA-00911: invalid character



Grant succeeded.


Grant succeeded.

grant all on FQT.BIN$nKfg3xpfPSrgQAB/AQEQAQ==$0 to FSCH
                                             *
ERROR at line 1:
ORA-00911: invalid character



Grant succeeded.


Grant succeeded.

grant all on FQT.BIN$nKfg3xpjPSrgQAB/AQEQAQ==$0 to FSCH
                                             *
ERROR at line 1:
ORA-00911: invalid character



Grant succeeded.


Grant succeeded.

grant all on FQT.BIN$nKfg3xpnPSrgQAB/AQEQAQ==$0 to FSCH
                                             *
ERROR at line 1:
ORA-00911: invalid character



Grant succeeded.


Grant succeeded.

grant all on FQT.BIN$nKfg3xprPSrgQAB/AQEQAQ==$0 to FSCH
                                             *
ERROR at line 1:
ORA-00911: invalid character



Grant succeeded.


Grant succeeded.

grant all on FQT.BIN$nKfg3xpvPSrgQAB/AQEQAQ==$0 to FSCH
                                             *
ERROR at line 1:
ORA-00911: invalid character



Grant succeeded.


Grant succeeded.

grant all on FQT.BIN$nKfg3xpzPSrgQAB/AQEQAQ==$0 to FSCH
                                             *
ERROR at line 1:
ORA-00911: invalid character



Grant succeeded.

