
Synonym created.


Synonym created.


Synonym created.


Synonym created.


Synonym created.


Synonym created.


Synonym created.


Synonym created.


Synonym created.


Synonym created.


Synonym created.


Synonym created.


Synonym created.


Synonym created.


Synonym created.


Synonym created.


Synonym created.


Synonym created.


Synonym created.


Synonym created.


Synonym created.


Synonym created.


Synonym created.


Synonym created.


Synonym created.


Synonym created.


Synonym created.


Synonym created.


Synonym created.


Synonym created.


Synonym created.

create public synonym BIN$nKfg3xpbPSrgQAB/AQEQAQ==$0 for  FQT.BIN$nKfg3xpbPSrgQAB/AQEQAQ==$0
                                         *
ERROR at line 1:
ORA-00905: missing keyword



Synonym created.


Synonym created.

create public synonym BIN$nKfg3xpfPSrgQAB/AQEQAQ==$0 for  FQT.BIN$nKfg3xpfPSrgQAB/AQEQAQ==$0
                                         *
ERROR at line 1:
ORA-00905: missing keyword



Synonym created.


Synonym created.

create public synonym BIN$nKfg3xpjPSrgQAB/AQEQAQ==$0 for  FQT.BIN$nKfg3xpjPSrgQAB/AQEQAQ==$0
                                         *
ERROR at line 1:
ORA-00905: missing keyword



Synonym created.


Synonym created.

create public synonym BIN$nKfg3xpnPSrgQAB/AQEQAQ==$0 for  FQT.BIN$nKfg3xpnPSrgQAB/AQEQAQ==$0
                                         *
ERROR at line 1:
ORA-00905: missing keyword



Synonym created.


Synonym created.

create public synonym BIN$nKfg3xprPSrgQAB/AQEQAQ==$0 for  FQT.BIN$nKfg3xprPSrgQAB/AQEQAQ==$0
                                         *
ERROR at line 1:
ORA-00905: missing keyword



Synonym created.


Synonym created.

create public synonym BIN$nKfg3xpvPSrgQAB/AQEQAQ==$0 for  FQT.BIN$nKfg3xpvPSrgQAB/AQEQAQ==$0
                                         *
ERROR at line 1:
ORA-00905: missing keyword



Synonym created.


Synonym created.

create public synonym BIN$nKfg3xpzPSrgQAB/AQEQAQ==$0 for  FQT.BIN$nKfg3xpzPSrgQAB/AQEQAQ==$0
                                         *
ERROR at line 1:
ORA-00905: missing keyword



Synonym created.

